<?xml version="1.0" encoding="UTF-8"?>
<!-- Generated by org.testng.reporters.JUnitReportReporter -->
<testsuite hostname="RTY" name="allLinksTestPackage.AllLinkTestClass" tests="1" failures="0" timestamp="20 Jun 2014 02:25:38 GMT" time="92.810" errors="0">
  <testcase name="actualTest" time="92.810" classname="allLinksTestPackage.AllLinkTestClass"/>
</testsuite> <!-- allLinksTestPackage.AllLinkTestClass -->
